<?xml version="1.0" encoding="UTF-8"?>
<!-- Generated by org.testng.reporters.JUnitReportReporter -->
<testsuite hostname="DESKTOP-MST78UA" failures="0" tests="1" name="mavendemo.testing.MavenDemo" time="15.803" errors="0" timestamp="2025-08-18T19:09:12 IST" skipped="0">
  <testcase classname="mavendemo.testing.MavenDemo" name="setUp" time="15.803"/>
</testsuite> <!-- mavendemo.testing.MavenDemo -->
